Arguments: 
  C:\Program Files\nodejs\node.exe C:\Users\hernay\Documents\GitHub\trains\node_modules\yarn\bin\yarn.js install jquery

PATH: 
  C:\Program Files (x86)\Intel\iCLS Client\;C:\Program Files\Intel\iCLS Client\;C:\ProgramData\Oracle\Java\javapath;C:\windows\system32;C:\windows;C:\windows\System32\Wbem;C:\windows\System32\WindowsPowerShell\v1.0\;C:\Program Files (x86)\NVIDIA Corporation\PhysX\Common;C:\Program Files (x86)\Common Files\EMC\;C:\Program Files\PuTTY\;C:\Program Files\Intel\WiFi\bin\;C:\Program Files\Common Files\Intel\WirelessCommon\;C:\Program Files\Git\cmd;C:\Program Files\Microsoft SQL Server\130\Tools\Binn\;C:\Program Files\dotnet\;C:\Program Files\nodejs\;C:\ProgramData\chocolatey\bin;C:\Program Files (x86)\Intel\Intel(R) Management Engine Components\DAL;C:\Program Files\Intel\Intel(R) Management Engine Components\DAL;C:\Program Files (x86)\Intel\Intel(R) Management Engine Components\IPT;C:\Program Files\Intel\Intel(R) Management Engine Components\IPT;C:\Program Files (x86)\Brackets\command;C:\Users\hernay\scoop\shims;C:\Program Files\Intel\WiFi\bin\;C:\Program Files\Common Files\Intel\WirelessCommon\;C:\Users\hernay\AppData\Local\GitHubDesktop\bin;C:\Users\hernay\AppData\Local\.meteor\;C:\Users\hernay\AppData\Roaming\npm;C:\Program Files\Microsoft VS Code\bin;C:\Users\hernay\AppData\Local\atom\bin;C:\Users\hernay\AppData\Local\Markdown Monster;C:\Users\hernay\AppData\Local\Markdown Monster\Markdown Monster

Yarn version: 
  1.5.1

Node version: 
  6.11.3

Platform: 
  win32 x64

npm manifest: 
  {}

yarn manifest: 
  No manifest

Lockfile: 
  No lockfile

Trace: 
  Error: `install` has been replaced with `add` to add new dependencies. Run "yarn add jquery" instead.
      at MessageError.Error (native)
      at new MessageError (C:\Users\hernay\Documents\GitHub\trains\node_modules\yarn\lib\cli.js:186:110)
      at Object.<anonymous> (C:\Users\hernay\Documents\GitHub\trains\node_modules\yarn\lib\cli.js:21987:13)
      at next (native)
      at step (C:\Users\hernay\Documents\GitHub\trains\node_modules\yarn\lib\cli.js:98:30)
      at C:\Users\hernay\Documents\GitHub\trains\node_modules\yarn\lib\cli.js:109:13
